<?xml version="1.0" encoding="UTF-8"?>
<!-- Generated by org.testng.reporters.JUnitXMLReporter -->
<testsuite ignored="0" hostname="WIN-6ET41NIRQ95" failures="1" tests="1" name="Test" time="27.73" errors="0" timestamp="2023-11-26T22:41:35 PST">
  <testcase classname="Com.ORANGE.TestCases.TC_1" name="TestDemo" time="7.554">
    <failure type="java.lang.AssertionError" message="expected [https://opensource-demo.orangehrmlive.com/web/index.php/dashboard/index] but found [https://e-mails.go4hosting.in/owa/auth/logon.aspx?replaceCurrent=1&amp;amp;url=https%3a%2f%2fe-mails.go4hosting.in%2fowa%2f]">
      <![CDATA[java.lang.AssertionError: expected [https://opensource-demo.orangehrmlive.com/web/index.php/dashboard/index] but found [https://e-mails.go4hosting.in/owa/auth/logon.aspx?replaceCurrent=1&url=https%3a%2f%2fe-mails.go4hosting.in%2fowa%2f]
at Com.ORANGE.TestCases.TC_1.TestDemo(TC_1.java:34)
at java.base/java.util.ArrayList.forEach(ArrayList.java:1511)
... Removed 31 stack frames]]>
    </failure>
  </testcase> <!-- TestDemo -->
</testsuite> <!-- Test -->
