<?xml version="1.0" encoding="UTF-8"?>
<testng-results ignored="0" total="2" passed="1" failed="1" skipped="0">
  <reporter-output>
  </reporter-output>
  <suite started-at="2023-11-26T22:41:07 PST" name="Suite" finished-at="2023-11-26T22:42:03 PST" duration-ms="55582">
    <groups>
    </groups>
    <test started-at="2023-11-26T22:41:07 PST" name="Test" finished-at="2023-11-26T22:41:35 PST" duration-ms="27730">
      <class name="Com.ORANGE.TestCases.TC_1">
        <test-method is-config="true" signature="Setup(org.testng.ITestContext,java.lang.String)[pri:0, instance:Com.ORANGE.TestCases.TC_1@7c041b41]" started-at="2023-11-26T22:41:07 PST" name="Setup" finished-at="2023-11-26T22:41:23 PST" duration-ms="15845" status="PASS">
          <params>
            <param index="0">
              <value>
                <![CDATA[org.testng.TestRunner@12e12ac9]]>
              </value>
            </param>
            <param index="1">
              <value>
                <![CDATA[chrome]]>
              </value>
            </param>
          </params>
          <reporter-output>
          </reporter-output>
        </test-method> <!-- Setup -->
        <test-method signature="TestDemo()[pri:0, instance:Com.ORANGE.TestCases.TC_1@7c041b41]" started-at="2023-11-26T22:41:23 PST" name="TestDemo" finished-at="2023-11-26T22:41:31 PST" duration-ms="7554" status="FAIL">
          <exception class="java.lang.AssertionError">
            <message>
              <![CDATA[expected [https://opensource-demo.orangehrmlive.com/web/index.php/dashboard/index] but found [https://e-mails.go4hosting.in/owa/auth/logon.aspx?replaceCurrent=1&url=https%3a%2f%2fe-mails.go4hosting.in%2fowa%2f]]]>
            </message>
            <full-stacktrace>
              <![CDATA[java.lang.AssertionError: expected [https://opensource-demo.orangehrmlive.com/web/index.php/dashboard/index] but found [https://e-mails.go4hosting.in/owa/auth/logon.aspx?replaceCurrent=1&url=https%3a%2f%2fe-mails.go4hosting.in%2fowa%2f]
at org.testng.Assert.fail(Assert.java:110)
at org.testng.Assert.failNotEquals(Assert.java:1577)
at org.testng.Assert.assertEqualsImpl(Assert.java:149)
at org.testng.Assert.assertEquals(Assert.java:131)
at org.testng.Assert.assertEquals(Assert.java:655)
at org.testng.Assert.assertEquals(Assert.java:665)
at Com.ORANGE.TestCases.TC_1.TestDemo(TC_1.java:34)
at java.base/jdk.internal.reflect.DirectMethodHandleAccessor.invoke(DirectMethodHandleAccessor.java:104)
at java.base/java.lang.reflect.Method.invoke(Method.java:578)
at org.testng.internal.invokers.MethodInvocationHelper.invokeMethod(MethodInvocationHelper.java:139)
at org.testng.internal.invokers.TestInvoker.invokeMethod(TestInvoker.java:677)
at org.testng.internal.invokers.TestInvoker.invokeTestMethod(TestInvoker.java:221)
at org.testng.internal.invokers.MethodRunner.runInSequence(MethodRunner.java:50)
at org.testng.internal.invokers.TestInvoker$MethodInvocationAgent.invoke(TestInvoker.java:969)
at org.testng.internal.invokers.TestInvoker.invokeTestMethods(TestInvoker.java:194)
at org.testng.internal.invokers.TestMethodWorker.invokeTestMethods(TestMethodWorker.java:148)
at org.testng.internal.invokers.TestMethodWorker.run(TestMethodWorker.java:128)
at java.base/java.util.ArrayList.forEach(ArrayList.java:1511)
at org.testng.TestRunner.privateRun(TestRunner.java:829)
at org.testng.TestRunner.run(TestRunner.java:602)
at org.testng.SuiteRunner.runTest(SuiteRunner.java:437)
at org.testng.SuiteRunner.runSequentially(SuiteRunner.java:431)
at org.testng.SuiteRunner.privateRun(SuiteRunner.java:391)
at org.testng.SuiteRunner.run(SuiteRunner.java:330)
at org.testng.SuiteRunnerWorker.runSuite(SuiteRunnerWorker.java:52)
at org.testng.SuiteRunnerWorker.run(SuiteRunnerWorker.java:95)
at org.testng.TestNG.runSuitesSequentially(TestNG.java:1256)
at org.testng.TestNG.runSuitesLocally(TestNG.java:1176)
at org.testng.TestNG.runSuites(TestNG.java:1099)
at org.testng.TestNG.run(TestNG.java:1067)
at org.testng.remote.AbstractRemoteTestNG.run(AbstractRemoteTestNG.java:115)
at org.testng.remote.RemoteTestNG.initAndRun(RemoteTestNG.java:251)
at org.testng.remote.RemoteTestNG.main(RemoteTestNG.java:77)
]]>
            </full-stacktrace>
          </exception> <!-- java.lang.AssertionError -->
          <reporter-output>
          </reporter-output>
        </test-method> <!-- TestDemo -->
        <test-method is-config="true" signature="After_TC_Failure(java.lang.reflect.Method,org.testng.ITestResult)[pri:0, instance:Com.ORANGE.TestCases.TC_1@7c041b41]" started-at="2023-11-26T22:41:31 PST" name="After_TC_Failure" finished-at="2023-11-26T22:41:31 PST" duration-ms="234" status="PASS">
          <params>
            <param index="0">
              <value>
                <![CDATA[public void Com.ORANGE.TestCases.TC_1.TestDemo() throws java.lang.Exception]]>
              </value>
            </param>
            <param index="1">
              <value>
                <![CDATA[[TestResult name=TestDemo status=FAILURE method=TC_1.TestDemo()[pri:0, instance:Com.ORANGE.TestCases.TC_1@7c041b41] output={null}]]]>
              </value>
            </param>
          </params>
          <reporter-output>
          </reporter-output>
        </test-method> <!-- After_TC_Failure -->
        <test-method is-config="true" signature="TearDown()[pri:0, instance:Com.ORANGE.TestCases.TC_1@7c041b41]" started-at="2023-11-26T22:41:31 PST" name="TearDown" finished-at="2023-11-26T22:41:35 PST" duration-ms="4070" status="PASS">
          <reporter-output>
          </reporter-output>
        </test-method> <!-- TearDown -->
      </class> <!-- Com.ORANGE.TestCases.TC_1 -->
    </test> <!-- Test -->
    <test started-at="2023-11-26T22:41:35 PST" name="Test1" finished-at="2023-11-26T22:42:03 PST" duration-ms="27834">
      <class name="Com.ORANGE.TestCases.TC_2">
        <test-method is-config="true" signature="Initialize_ExtentReprts()[pri:0, instance:Com.ORANGE.TestCases.TC_2@7cbee484]" started-at="2023-11-26T22:41:07 PST" name="Initialize_ExtentReprts" finished-at="2023-11-26T22:41:07 PST" duration-ms="197" status="PASS">
          <reporter-output>
          </reporter-output>
        </test-method> <!-- Initialize_ExtentReprts -->
        <test-method is-config="true" signature="Setup(org.testng.ITestContext,java.lang.String)[pri:0, instance:Com.ORANGE.TestCases.TC_2@7cbee484]" started-at="2023-11-26T22:41:35 PST" name="Setup" finished-at="2023-11-26T22:41:49 PST" duration-ms="14153" status="PASS">
          <params>
            <param index="0">
              <value>
                <![CDATA[org.testng.TestRunner@5e230fc6]]>
              </value>
            </param>
            <param index="1">
              <value>
                <![CDATA[chrome]]>
              </value>
            </param>
          </params>
          <reporter-output>
          </reporter-output>
        </test-method> <!-- Setup -->
        <test-method signature="Login()[pri:0, instance:Com.ORANGE.TestCases.TC_2@7cbee484]" started-at="2023-11-26T22:41:49 PST" name="Login" finished-at="2023-11-26T22:41:59 PST" duration-ms="9602" status="PASS">
          <reporter-output>
          </reporter-output>
        </test-method> <!-- Login -->
        <test-method is-config="true" signature="After_TC_Failure(java.lang.reflect.Method,org.testng.ITestResult)[pri:0, instance:Com.ORANGE.TestCases.TC_2@7cbee484]" started-at="2023-11-26T22:41:59 PST" name="After_TC_Failure" finished-at="2023-11-26T22:41:59 PST" duration-ms="19" status="PASS">
          <params>
            <param index="0">
              <value>
                <![CDATA[public void Com.ORANGE.TestCases.TC_2.Login() throws java.lang.Exception]]>
              </value>
            </param>
            <param index="1">
              <value>
                <![CDATA[[TestResult name=Login status=SUCCESS method=TC_2.Login()[pri:0, instance:Com.ORANGE.TestCases.TC_2@7cbee484] output={null}]]]>
              </value>
            </param>
          </params>
          <reporter-output>
          </reporter-output>
        </test-method> <!-- After_TC_Failure -->
        <test-method is-config="true" signature="TearDown()[pri:0, instance:Com.ORANGE.TestCases.TC_2@7cbee484]" started-at="2023-11-26T22:41:59 PST" name="TearDown" finished-at="2023-11-26T22:42:03 PST" duration-ms="4057" status="PASS">
          <reporter-output>
          </reporter-output>
        </test-method> <!-- TearDown -->
        <test-method is-config="true" signature="Generate_ExtentReprts()[pri:0, instance:Com.ORANGE.TestCases.TC_2@7cbee484]" started-at="2023-11-26T22:42:03 PST" name="Generate_ExtentReprts" finished-at="2023-11-26T22:42:03 PST" duration-ms="269" status="PASS">
          <reporter-output>
          </reporter-output>
        </test-method> <!-- Generate_ExtentReprts -->
      </class> <!-- Com.ORANGE.TestCases.TC_2 -->
    </test> <!-- Test1 -->
  </suite> <!-- Suite -->
</testng-results>
